d:\dropbox\almende\projects\c\mercury-gestures\mercurygestures\release\vc140.pdb
d:\dropbox\almende\projects\c\mercury-gestures\mercurygestures\release\main.obj
d:\dropbox\almende\projects\c\mercury-gestures\mercurygestures\release\handdetector.obj
d:\dropbox\almende\projects\c\mercury-gestures\mercurygestures\release\hand.obj
d:\dropbox\almende\projects\c\mercury-gestures\mercurygestures\release\skindetector.obj
d:\dropbox\almende\projects\c\mercury-gestures\mercurygestures\release\movementdetector.obj
d:\dropbox\almende\projects\c\mercury-gestures\mercurygestures\release\edgedetector.obj
d:\dropbox\almende\projects\c\mercury-gestures\mercurygestures\release\activitygraph.obj
d:\dropbox\almende\projects\c\mercury-gestures\mercurygestures\release\old.obj
d:\dropbox\almende\projects\c\mercury-gestures\mercurygestures\release\util.obj
d:\dropbox\almende\projects\c\mercury-gestures\mercurygestures\release\facedetector.obj
d:\dropbox\almende\projects\c\mercury-gestures\mercurygestures\release\mercurygestures.exe
d:\dropbox\almende\projects\c\mercury-gestures\mercurygestures\release\mercurygestures.pdb
d:\dropbox\almende\projects\c\mercury-gestures\mercurygestures\release\mercurygestures.ipdb
d:\dropbox\almende\projects\c\mercury-gestures\mercurygestures\release\mercurygestures.iobj
d:\dropbox\almende\projects\c\mercury-gestures\mercurygestures\release\mercurygestures.tlog\cl.command.1.tlog
d:\dropbox\almende\projects\c\mercury-gestures\mercurygestures\release\mercurygestures.tlog\cl.read.1.tlog
d:\dropbox\almende\projects\c\mercury-gestures\mercurygestures\release\mercurygestures.tlog\cl.write.1.tlog
d:\dropbox\almende\projects\c\mercury-gestures\mercurygestures\release\mercurygestures.tlog\link.command.1.tlog
d:\dropbox\almende\projects\c\mercury-gestures\mercurygestures\release\mercurygestures.tlog\link.read.1.tlog
d:\dropbox\almende\projects\c\mercury-gestures\mercurygestures\release\mercurygestures.tlog\link.write.1.tlog
