  ActivityGraph.cpp
ActivityGraph.cpp(54): warning C4244: 'argument': conversion from 'double' to 'int', possible loss of data
ActivityGraph.cpp(72): warning C4244: 'initializing': conversion from 'double' to 'int', possible loss of data
ActivityGraph.cpp(73): warning C4244: 'initializing': conversion from 'double' to 'int', possible loss of data
ActivityGraph.cpp(82): warning C4018: '<': signed/unsigned mismatch
ActivityGraph.cpp(87): warning C4244: 'initializing': conversion from 'double' to 'int', possible loss of data
ActivityGraph.cpp(88): warning C4244: 'initializing': conversion from 'double' to 'int', possible loss of data
ActivityGraph.cpp(90): warning C4244: 'initializing': conversion from 'double' to 'int', possible loss of data
  main.cpp
main.cpp(61): warning C4244: 'argument': conversion from 'double' to 'int', possible loss of data
main.cpp(89): warning C4244: 'argument': conversion from 'double' to 'int', possible loss of data
main.cpp(175): warning C4244: '=': conversion from 'double' to 'int', possible loss of data
main.cpp(182): warning C4244: '=': conversion from 'double' to 'int', possible loss of data
main.cpp(214): warning C4244: 'initializing': conversion from 'double' to 'int', possible loss of data
  Generating code
  2 of 1406 functions ( 0.1%) were compiled, the rest were copied from previous compilation.
    1 functions were new in current compilation
    1 functions had inline decision re-evaluated but remain unchanged
  Finished generating code
  MercuryGestures.vcxproj -> D:\Dropbox\Almende\Projects\C\mercury-gestures\MercuryGestures\Release\MercuryGestures.exe
