  Hand.cpp
Hand.cpp(159): warning C4244: '=': conversion from 'double' to 'int', possible loss of data
Hand.cpp(160): warning C4244: '=': conversion from 'double' to 'int', possible loss of data
Hand.cpp(174): warning C4244: 'initializing': conversion from 'double' to 'int', possible loss of data
Hand.cpp(178): warning C4244: 'argument': conversion from 'double' to 'int', possible loss of data
Hand.cpp(250): warning C4018: '<': signed/unsigned mismatch
Hand.cpp(290): warning C4244: 'initializing': conversion from 'double' to 'int', possible loss of data
Hand.cpp(327): warning C4244: '=': conversion from 'double' to 'int', possible loss of data
Hand.cpp(328): warning C4244: '=': conversion from 'double' to 'int', possible loss of data
Hand.cpp(333): warning C4244: '=': conversion from 'double' to 'int', possible loss of data
Hand.cpp(334): warning C4244: '=': conversion from 'double' to 'int', possible loss of data
Hand.cpp(339): warning C4244: '=': conversion from 'double' to 'int', possible loss of data
Hand.cpp(340): warning C4244: '=': conversion from 'double' to 'int', possible loss of data
Hand.cpp(353): warning C4244: 'initializing': conversion from 'double' to 'int', possible loss of data
Hand.cpp(482): warning C4018: '<': signed/unsigned mismatch
Hand.cpp(572): warning C4244: '=': conversion from 'double' to 'int', possible loss of data
  Generating code
d:\dropbox\almende\projects\c\mercury-gestures\mercurygestures\hand.cpp(281): warning C4715: 'Hand::getSearchModeFromBlobs': not all control paths return a value
  Finished generating code
  MercuryGestures.vcxproj -> D:\Dropbox\Almende\Projects\C\mercury-gestures\MercuryGestures\Debug\MercuryGestures.exe
